CRITICAL - 2023-05-25 03:58:32 --> Attempt to read property "id" on array
in APPPATH\Views\insurance\home.php on line 19.
 1 APPPATH\Views\insurance\home.php(19): CodeIgniter\Debug\Exceptions->errorHandler(2, 'Attempt to read property "id" on array', 'C:\\xampp\\htdocs\\miniproject\\app\\Views\\insurance\\home.php', 19)
 2 SYSTEMPATH\View\View.php(213): include('C:\\xampp\\htdocs\\miniproject\\app\\Views\\insurance\\home.php')
 3 SYSTEMPATH\View\View.php(216): CodeIgniter\View\View->CodeIgniter\View\{closure}()
 4 SYSTEMPATH\Common.php(1184): CodeIgniter\View\View->render('insurance/home', [], true)
 5 APPPATH\Controllers\InsuranceController.php(14): view('insurance/home', [...])
 6 SYSTEMPATH\CodeIgniter.php(934): App\Controllers\InsuranceController->index()
 7 SYSTEMPATH\CodeIgniter.php(499): CodeIgniter\CodeIgniter->runController(Object(App\Controllers\InsuranceController))
 8 SYSTEMPATH\CodeIgniter.php(368): CodeIgniter\CodeIgniter->handleRequest(null, Object(Config\Cache), false)
 9 FCPATH\index.php(67): CodeIgniter\CodeIgniter->run()
CRITICAL - 2023-05-25 04:01:19 --> Attempt to read property "id" on array
in APPPATH\Views\insurance\home.php on line 30.
 1 APPPATH\Views\insurance\home.php(30): CodeIgniter\Debug\Exceptions->errorHandler(2, 'Attempt to read property "id" on array', 'C:\\xampp\\htdocs\\miniproject\\app\\Views\\insurance\\home.php', 30)
 2 SYSTEMPATH\View\View.php(213): include('C:\\xampp\\htdocs\\miniproject\\app\\Views\\insurance\\home.php')
 3 SYSTEMPATH\View\View.php(216): CodeIgniter\View\View->CodeIgniter\View\{closure}()
 4 SYSTEMPATH\Common.php(1184): CodeIgniter\View\View->render('insurance/home', [], true)
 5 APPPATH\Controllers\InsuranceController.php(14): view('insurance/home', [...])
 6 SYSTEMPATH\CodeIgniter.php(934): App\Controllers\InsuranceController->index()
 7 SYSTEMPATH\CodeIgniter.php(499): CodeIgniter\CodeIgniter->runController(Object(App\Controllers\InsuranceController))
 8 SYSTEMPATH\CodeIgniter.php(368): CodeIgniter\CodeIgniter->handleRequest(null, Object(Config\Cache), false)
 9 FCPATH\index.php(67): CodeIgniter\CodeIgniter->run()
CRITICAL - 2023-05-25 04:01:21 --> Attempt to read property "id" on array
in APPPATH\Views\insurance\home.php on line 30.
 1 APPPATH\Views\insurance\home.php(30): CodeIgniter\Debug\Exceptions->errorHandler(2, 'Attempt to read property "id" on array', 'C:\\xampp\\htdocs\\miniproject\\app\\Views\\insurance\\home.php', 30)
 2 SYSTEMPATH\View\View.php(213): include('C:\\xampp\\htdocs\\miniproject\\app\\Views\\insurance\\home.php')
 3 SYSTEMPATH\View\View.php(216): CodeIgniter\View\View->CodeIgniter\View\{closure}()
 4 SYSTEMPATH\Common.php(1184): CodeIgniter\View\View->render('insurance/home', [], true)
 5 APPPATH\Controllers\InsuranceController.php(14): view('insurance/home', [...])
 6 SYSTEMPATH\CodeIgniter.php(934): App\Controllers\InsuranceController->index()
 7 SYSTEMPATH\CodeIgniter.php(499): CodeIgniter\CodeIgniter->runController(Object(App\Controllers\InsuranceController))
 8 SYSTEMPATH\CodeIgniter.php(368): CodeIgniter\CodeIgniter->handleRequest(null, Object(Config\Cache), false)
 9 FCPATH\index.php(67): CodeIgniter\CodeIgniter->run()
CRITICAL - 2023-05-25 04:01:44 --> Attempt to read property "name" on array
in APPPATH\Views\insurance\home.php on line 31.
 1 APPPATH\Views\insurance\home.php(31): CodeIgniter\Debug\Exceptions->errorHandler(2, 'Attempt to read property "name" on array', 'C:\\xampp\\htdocs\\miniproject\\app\\Views\\insurance\\home.php', 31)
 2 SYSTEMPATH\View\View.php(213): include('C:\\xampp\\htdocs\\miniproject\\app\\Views\\insurance\\home.php')
 3 SYSTEMPATH\View\View.php(216): CodeIgniter\View\View->CodeIgniter\View\{closure}()
 4 SYSTEMPATH\Common.php(1184): CodeIgniter\View\View->render('insurance/home', [], true)
 5 APPPATH\Controllers\InsuranceController.php(14): view('insurance/home', [...])
 6 SYSTEMPATH\CodeIgniter.php(934): App\Controllers\InsuranceController->index()
 7 SYSTEMPATH\CodeIgniter.php(499): CodeIgniter\CodeIgniter->runController(Object(App\Controllers\InsuranceController))
 8 SYSTEMPATH\CodeIgniter.php(368): CodeIgniter\CodeIgniter->handleRequest(null, Object(Config\Cache), false)
 9 FCPATH\index.php(67): CodeIgniter\CodeIgniter->run()
CRITICAL - 2023-05-25 04:01:46 --> Attempt to read property "name" on array
in APPPATH\Views\insurance\home.php on line 31.
 1 APPPATH\Views\insurance\home.php(31): CodeIgniter\Debug\Exceptions->errorHandler(2, 'Attempt to read property "name" on array', 'C:\\xampp\\htdocs\\miniproject\\app\\Views\\insurance\\home.php', 31)
 2 SYSTEMPATH\View\View.php(213): include('C:\\xampp\\htdocs\\miniproject\\app\\Views\\insurance\\home.php')
 3 SYSTEMPATH\View\View.php(216): CodeIgniter\View\View->CodeIgniter\View\{closure}()
 4 SYSTEMPATH\Common.php(1184): CodeIgniter\View\View->render('insurance/home', [], true)
 5 APPPATH\Controllers\InsuranceController.php(14): view('insurance/home', [...])
 6 SYSTEMPATH\CodeIgniter.php(934): App\Controllers\InsuranceController->index()
 7 SYSTEMPATH\CodeIgniter.php(499): CodeIgniter\CodeIgniter->runController(Object(App\Controllers\InsuranceController))
 8 SYSTEMPATH\CodeIgniter.php(368): CodeIgniter\CodeIgniter->handleRequest(null, Object(Config\Cache), false)
 9 FCPATH\index.php(67): CodeIgniter\CodeIgniter->run()
CRITICAL - 2023-05-25 04:57:17 --> Undefined property: stdClass::$carModels
in APPPATH\Views\insurance\brands.php on line 79.
 1 APPPATH\Views\insurance\brands.php(79): CodeIgniter\Debug\Exceptions->errorHandler(2, 'Undefined property: stdClass::$carModels', 'C:\\xampp\\htdocs\\miniproject\\app\\Views\\insurance\\brands.php', 79)
 2 SYSTEMPATH\View\View.php(213): include('C:\\xampp\\htdocs\\miniproject\\app\\Views\\insurance\\brands.php')
 3 SYSTEMPATH\View\View.php(216): CodeIgniter\View\View->CodeIgniter\View\{closure}()
 4 SYSTEMPATH\Common.php(1184): CodeIgniter\View\View->render('insurance/brands', [], true)
 5 APPPATH\Controllers\InsuranceController.php(22): view('insurance/brands', [...])
 6 SYSTEMPATH\CodeIgniter.php(934): App\Controllers\InsuranceController->brands('3', '3')
 7 SYSTEMPATH\CodeIgniter.php(499): CodeIgniter\CodeIgniter->runController(Object(App\Controllers\InsuranceController))
 8 SYSTEMPATH\CodeIgniter.php(368): CodeIgniter\CodeIgniter->handleRequest(null, Object(Config\Cache), false)
 9 FCPATH\index.php(67): CodeIgniter\CodeIgniter->run()
CRITICAL - 2023-05-25 05:00:42 --> Undefined property: stdClass::$carModels
in APPPATH\Views\insurance\brands.php on line 73.
 1 APPPATH\Views\insurance\brands.php(73): CodeIgniter\Debug\Exceptions->errorHandler(2, 'Undefined property: stdClass::$carModels', 'C:\\xampp\\htdocs\\miniproject\\app\\Views\\insurance\\brands.php', 73)
 2 SYSTEMPATH\View\View.php(213): include('C:\\xampp\\htdocs\\miniproject\\app\\Views\\insurance\\brands.php')
 3 SYSTEMPATH\View\View.php(216): CodeIgniter\View\View->CodeIgniter\View\{closure}()
 4 SYSTEMPATH\Common.php(1184): CodeIgniter\View\View->render('insurance/brands', [], true)
 5 APPPATH\Controllers\InsuranceController.php(22): view('insurance/brands', [...])
 6 SYSTEMPATH\CodeIgniter.php(934): App\Controllers\InsuranceController->brands('3', '3')
 7 SYSTEMPATH\CodeIgniter.php(499): CodeIgniter\CodeIgniter->runController(Object(App\Controllers\InsuranceController))
 8 SYSTEMPATH\CodeIgniter.php(368): CodeIgniter\CodeIgniter->handleRequest(null, Object(Config\Cache), false)
 9 FCPATH\index.php(67): CodeIgniter\CodeIgniter->run()
