CRITICAL - 2023-05-26 06:55:03 --> Undefined array key "insurance_name"
in APPPATH\Views\insurance\costs.php on line 110.
 1 APPPATH\Views\insurance\costs.php(110): CodeIgniter\Debug\Exceptions->errorHandler(2, 'Undefined array key "insurance_name"', 'C:\\xampp\\htdocs\\miniproject\\app\\Views\\insurance\\costs.php', 110)
 2 SYSTEMPATH\View\View.php(213): include('C:\\xampp\\htdocs\\miniproject\\app\\Views\\insurance\\costs.php')
 3 SYSTEMPATH\View\View.php(216): CodeIgniter\View\View->CodeIgniter\View\{closure}()
 4 SYSTEMPATH\Common.php(1184): CodeIgniter\View\View->render('insurance/costs', [], true)
 5 APPPATH\Controllers\InsuranceController.php(40): view('insurance/costs', [...])
 6 SYSTEMPATH\CodeIgniter.php(934): App\Controllers\InsuranceController->costs('1', '1')
 7 SYSTEMPATH\CodeIgniter.php(499): CodeIgniter\CodeIgniter->runController(Object(App\Controllers\InsuranceController))
 8 SYSTEMPATH\CodeIgniter.php(368): CodeIgniter\CodeIgniter->handleRequest(null, Object(Config\Cache), false)
 9 FCPATH\index.php(67): CodeIgniter\CodeIgniter->run()
CRITICAL - 2023-05-26 06:55:04 --> Undefined array key "insurance_name"
in APPPATH\Views\insurance\costs.php on line 110.
 1 APPPATH\Views\insurance\costs.php(110): CodeIgniter\Debug\Exceptions->errorHandler(2, 'Undefined array key "insurance_name"', 'C:\\xampp\\htdocs\\miniproject\\app\\Views\\insurance\\costs.php', 110)
 2 SYSTEMPATH\View\View.php(213): include('C:\\xampp\\htdocs\\miniproject\\app\\Views\\insurance\\costs.php')
 3 SYSTEMPATH\View\View.php(216): CodeIgniter\View\View->CodeIgniter\View\{closure}()
 4 SYSTEMPATH\Common.php(1184): CodeIgniter\View\View->render('insurance/costs', [], true)
 5 APPPATH\Controllers\InsuranceController.php(40): view('insurance/costs', [...])
 6 SYSTEMPATH\CodeIgniter.php(934): App\Controllers\InsuranceController->costs('1', '1')
 7 SYSTEMPATH\CodeIgniter.php(499): CodeIgniter\CodeIgniter->runController(Object(App\Controllers\InsuranceController))
 8 SYSTEMPATH\CodeIgniter.php(368): CodeIgniter\CodeIgniter->handleRequest(null, Object(Config\Cache), false)
 9 FCPATH\index.php(67): CodeIgniter\CodeIgniter->run()
CRITICAL - 2023-05-26 06:55:04 --> Undefined array key "insurance_name"
in APPPATH\Views\insurance\costs.php on line 110.
 1 APPPATH\Views\insurance\costs.php(110): CodeIgniter\Debug\Exceptions->errorHandler(2, 'Undefined array key "insurance_name"', 'C:\\xampp\\htdocs\\miniproject\\app\\Views\\insurance\\costs.php', 110)
 2 SYSTEMPATH\View\View.php(213): include('C:\\xampp\\htdocs\\miniproject\\app\\Views\\insurance\\costs.php')
 3 SYSTEMPATH\View\View.php(216): CodeIgniter\View\View->CodeIgniter\View\{closure}()
 4 SYSTEMPATH\Common.php(1184): CodeIgniter\View\View->render('insurance/costs', [], true)
 5 APPPATH\Controllers\InsuranceController.php(40): view('insurance/costs', [...])
 6 SYSTEMPATH\CodeIgniter.php(934): App\Controllers\InsuranceController->costs('1', '1')
 7 SYSTEMPATH\CodeIgniter.php(499): CodeIgniter\CodeIgniter->runController(Object(App\Controllers\InsuranceController))
 8 SYSTEMPATH\CodeIgniter.php(368): CodeIgniter\CodeIgniter->handleRequest(null, Object(Config\Cache), false)
 9 FCPATH\index.php(67): CodeIgniter\CodeIgniter->run()
CRITICAL - 2023-05-26 11:08:05 --> Call to a member function getQuery() on null
in APPPATH\Models\CostModel.php on line 17.
 1 APPPATH\Controllers\InsuranceController.php(38): App\Models\CostModel->getCostsByModel('3')
 2 SYSTEMPATH\CodeIgniter.php(934): App\Controllers\InsuranceController->costs('3', '3')
 3 SYSTEMPATH\CodeIgniter.php(499): CodeIgniter\CodeIgniter->runController(Object(App\Controllers\InsuranceController))
 4 SYSTEMPATH\CodeIgniter.php(368): CodeIgniter\CodeIgniter->handleRequest(null, Object(Config\Cache), false)
 5 FCPATH\index.php(67): CodeIgniter\CodeIgniter->run()
CRITICAL - 2023-05-26 11:12:38 --> Undefined array key "name"
in APPPATH\Views\insurance\costs.php on line 108.
 1 APPPATH\Views\insurance\costs.php(108): CodeIgniter\Debug\Exceptions->errorHandler(2, 'Undefined array key "name"', 'C:\\xampp\\htdocs\\miniproject\\app\\Views\\insurance\\costs.php', 108)
 2 SYSTEMPATH\View\View.php(213): include('C:\\xampp\\htdocs\\miniproject\\app\\Views\\insurance\\costs.php')
 3 SYSTEMPATH\View\View.php(216): CodeIgniter\View\View->CodeIgniter\View\{closure}()
 4 SYSTEMPATH\Common.php(1184): CodeIgniter\View\View->render('insurance/costs', [], true)
 5 APPPATH\Controllers\InsuranceController.php(40): view('insurance/costs', [...])
 6 SYSTEMPATH\CodeIgniter.php(934): App\Controllers\InsuranceController->costs('3', '3')
 7 SYSTEMPATH\CodeIgniter.php(499): CodeIgniter\CodeIgniter->runController(Object(App\Controllers\InsuranceController))
 8 SYSTEMPATH\CodeIgniter.php(368): CodeIgniter\CodeIgniter->handleRequest(null, Object(Config\Cache), false)
 9 FCPATH\index.php(67): CodeIgniter\CodeIgniter->run()
CRITICAL - 2023-05-26 11:15:06 --> Undefined variable $cost
in APPPATH\Views\insurance\costs.php on line 96.
 1 APPPATH\Views\insurance\costs.php(96): CodeIgniter\Debug\Exceptions->errorHandler(2, 'Undefined variable $cost', 'C:\\xampp\\htdocs\\miniproject\\app\\Views\\insurance\\costs.php', 96)
 2 SYSTEMPATH\View\View.php(213): include('C:\\xampp\\htdocs\\miniproject\\app\\Views\\insurance\\costs.php')
 3 SYSTEMPATH\View\View.php(216): CodeIgniter\View\View->CodeIgniter\View\{closure}()
 4 SYSTEMPATH\Common.php(1184): CodeIgniter\View\View->render('insurance/costs', [], true)
 5 APPPATH\Controllers\InsuranceController.php(40): view('insurance/costs', [...])
 6 SYSTEMPATH\CodeIgniter.php(934): App\Controllers\InsuranceController->costs('3', '3')
 7 SYSTEMPATH\CodeIgniter.php(499): CodeIgniter\CodeIgniter->runController(Object(App\Controllers\InsuranceController))
 8 SYSTEMPATH\CodeIgniter.php(368): CodeIgniter\CodeIgniter->handleRequest(null, Object(Config\Cache), false)
 9 FCPATH\index.php(67): CodeIgniter\CodeIgniter->run()
CRITICAL - 2023-05-26 11:16:27 --> syntax error, unexpected token "[", expecting variable or "{" or "$"
in APPPATH\Views\insurance\costs.php on line 95.
 1 SYSTEMPATH\View\View.php(216): CodeIgniter\View\View->CodeIgniter\View\{closure}()
 2 SYSTEMPATH\Common.php(1184): CodeIgniter\View\View->render('insurance/costs', [], true)
 3 APPPATH\Controllers\InsuranceController.php(40): view('insurance/costs', [...])
 4 SYSTEMPATH\CodeIgniter.php(934): App\Controllers\InsuranceController->costs('3', '3')
 5 SYSTEMPATH\CodeIgniter.php(499): CodeIgniter\CodeIgniter->runController(Object(App\Controllers\InsuranceController))
 6 SYSTEMPATH\CodeIgniter.php(368): CodeIgniter\CodeIgniter->handleRequest(null, Object(Config\Cache), false)
 7 FCPATH\index.php(67): CodeIgniter\CodeIgniter->run()
CRITICAL - 2023-05-26 11:20:53 --> syntax error, unexpected token "[", expecting variable or "{" or "$"
in APPPATH\Views\insurance\costs.php on line 95.
 1 SYSTEMPATH\View\View.php(216): CodeIgniter\View\View->CodeIgniter\View\{closure}()
 2 SYSTEMPATH\Common.php(1184): CodeIgniter\View\View->render('insurance/costs', [], true)
 3 APPPATH\Controllers\InsuranceController.php(40): view('insurance/costs', [...])
 4 SYSTEMPATH\CodeIgniter.php(934): App\Controllers\InsuranceController->costs('3', '3')
 5 SYSTEMPATH\CodeIgniter.php(499): CodeIgniter\CodeIgniter->runController(Object(App\Controllers\InsuranceController))
 6 SYSTEMPATH\CodeIgniter.php(368): CodeIgniter\CodeIgniter->handleRequest(null, Object(Config\Cache), false)
 7 FCPATH\index.php(67): CodeIgniter\CodeIgniter->run()
CRITICAL - 2023-05-26 11:21:55 --> Undefined variable $companies
in APPPATH\Views\insurance\costs.php on line 95.
 1 APPPATH\Views\insurance\costs.php(95): CodeIgniter\Debug\Exceptions->errorHandler(2, 'Undefined variable $companies', 'C:\\xampp\\htdocs\\miniproject\\app\\Views\\insurance\\costs.php', 95)
 2 SYSTEMPATH\View\View.php(213): include('C:\\xampp\\htdocs\\miniproject\\app\\Views\\insurance\\costs.php')
 3 SYSTEMPATH\View\View.php(216): CodeIgniter\View\View->CodeIgniter\View\{closure}()
 4 SYSTEMPATH\Common.php(1184): CodeIgniter\View\View->render('insurance/costs', [], true)
 5 APPPATH\Controllers\InsuranceController.php(40): view('insurance/costs', [...])
 6 SYSTEMPATH\CodeIgniter.php(934): App\Controllers\InsuranceController->costs('3', '3')
 7 SYSTEMPATH\CodeIgniter.php(499): CodeIgniter\CodeIgniter->runController(Object(App\Controllers\InsuranceController))
 8 SYSTEMPATH\CodeIgniter.php(368): CodeIgniter\CodeIgniter->handleRequest(null, Object(Config\Cache), false)
 9 FCPATH\index.php(67): CodeIgniter\CodeIgniter->run()
CRITICAL - 2023-05-26 11:22:05 --> Undefined variable $brands
in APPPATH\Views\insurance\costs.php on line 95.
 1 APPPATH\Views\insurance\costs.php(95): CodeIgniter\Debug\Exceptions->errorHandler(2, 'Undefined variable $brands', 'C:\\xampp\\htdocs\\miniproject\\app\\Views\\insurance\\costs.php', 95)
 2 SYSTEMPATH\View\View.php(213): include('C:\\xampp\\htdocs\\miniproject\\app\\Views\\insurance\\costs.php')
 3 SYSTEMPATH\View\View.php(216): CodeIgniter\View\View->CodeIgniter\View\{closure}()
 4 SYSTEMPATH\Common.php(1184): CodeIgniter\View\View->render('insurance/costs', [], true)
 5 APPPATH\Controllers\InsuranceController.php(40): view('insurance/costs', [...])
 6 SYSTEMPATH\CodeIgniter.php(934): App\Controllers\InsuranceController->costs('3', '3')
 7 SYSTEMPATH\CodeIgniter.php(499): CodeIgniter\CodeIgniter->runController(Object(App\Controllers\InsuranceController))
 8 SYSTEMPATH\CodeIgniter.php(368): CodeIgniter\CodeIgniter->handleRequest(null, Object(Config\Cache), false)
 9 FCPATH\index.php(67): CodeIgniter\CodeIgniter->run()
CRITICAL - 2023-05-26 11:22:17 --> Undefined array key "modelname"
in APPPATH\Views\insurance\costs.php on line 95.
 1 APPPATH\Views\insurance\costs.php(95): CodeIgniter\Debug\Exceptions->errorHandler(2, 'Undefined array key "modelname"', 'C:\\xampp\\htdocs\\miniproject\\app\\Views\\insurance\\costs.php', 95)
 2 SYSTEMPATH\View\View.php(213): include('C:\\xampp\\htdocs\\miniproject\\app\\Views\\insurance\\costs.php')
 3 SYSTEMPATH\View\View.php(216): CodeIgniter\View\View->CodeIgniter\View\{closure}()
 4 SYSTEMPATH\Common.php(1184): CodeIgniter\View\View->render('insurance/costs', [], true)
 5 APPPATH\Controllers\InsuranceController.php(40): view('insurance/costs', [...])
 6 SYSTEMPATH\CodeIgniter.php(934): App\Controllers\InsuranceController->costs('3', '3')
 7 SYSTEMPATH\CodeIgniter.php(499): CodeIgniter\CodeIgniter->runController(Object(App\Controllers\InsuranceController))
 8 SYSTEMPATH\CodeIgniter.php(368): CodeIgniter\CodeIgniter->handleRequest(null, Object(Config\Cache), false)
 9 FCPATH\index.php(67): CodeIgniter\CodeIgniter->run()
CRITICAL - 2023-05-26 11:22:26 --> Undefined variable $models
in APPPATH\Views\insurance\costs.php on line 95.
 1 APPPATH\Views\insurance\costs.php(95): CodeIgniter\Debug\Exceptions->errorHandler(2, 'Undefined variable $models', 'C:\\xampp\\htdocs\\miniproject\\app\\Views\\insurance\\costs.php', 95)
 2 SYSTEMPATH\View\View.php(213): include('C:\\xampp\\htdocs\\miniproject\\app\\Views\\insurance\\costs.php')
 3 SYSTEMPATH\View\View.php(216): CodeIgniter\View\View->CodeIgniter\View\{closure}()
 4 SYSTEMPATH\Common.php(1184): CodeIgniter\View\View->render('insurance/costs', [], true)
 5 APPPATH\Controllers\InsuranceController.php(40): view('insurance/costs', [...])
 6 SYSTEMPATH\CodeIgniter.php(934): App\Controllers\InsuranceController->costs('3', '3')
 7 SYSTEMPATH\CodeIgniter.php(499): CodeIgniter\CodeIgniter->runController(Object(App\Controllers\InsuranceController))
 8 SYSTEMPATH\CodeIgniter.php(368): CodeIgniter\CodeIgniter->handleRequest(null, Object(Config\Cache), false)
 9 FCPATH\index.php(67): CodeIgniter\CodeIgniter->run()
CRITICAL - 2023-05-26 11:22:27 --> Undefined variable $models
in APPPATH\Views\insurance\costs.php on line 95.
 1 APPPATH\Views\insurance\costs.php(95): CodeIgniter\Debug\Exceptions->errorHandler(2, 'Undefined variable $models', 'C:\\xampp\\htdocs\\miniproject\\app\\Views\\insurance\\costs.php', 95)
 2 SYSTEMPATH\View\View.php(213): include('C:\\xampp\\htdocs\\miniproject\\app\\Views\\insurance\\costs.php')
 3 SYSTEMPATH\View\View.php(216): CodeIgniter\View\View->CodeIgniter\View\{closure}()
 4 SYSTEMPATH\Common.php(1184): CodeIgniter\View\View->render('insurance/costs', [], true)
 5 APPPATH\Controllers\InsuranceController.php(40): view('insurance/costs', [...])
 6 SYSTEMPATH\CodeIgniter.php(934): App\Controllers\InsuranceController->costs('3', '3')
 7 SYSTEMPATH\CodeIgniter.php(499): CodeIgniter\CodeIgniter->runController(Object(App\Controllers\InsuranceController))
 8 SYSTEMPATH\CodeIgniter.php(368): CodeIgniter\CodeIgniter->handleRequest(null, Object(Config\Cache), false)
 9 FCPATH\index.php(67): CodeIgniter\CodeIgniter->run()
CRITICAL - 2023-05-26 11:22:27 --> Undefined variable $models
in APPPATH\Views\insurance\costs.php on line 95.
 1 APPPATH\Views\insurance\costs.php(95): CodeIgniter\Debug\Exceptions->errorHandler(2, 'Undefined variable $models', 'C:\\xampp\\htdocs\\miniproject\\app\\Views\\insurance\\costs.php', 95)
 2 SYSTEMPATH\View\View.php(213): include('C:\\xampp\\htdocs\\miniproject\\app\\Views\\insurance\\costs.php')
 3 SYSTEMPATH\View\View.php(216): CodeIgniter\View\View->CodeIgniter\View\{closure}()
 4 SYSTEMPATH\Common.php(1184): CodeIgniter\View\View->render('insurance/costs', [], true)
 5 APPPATH\Controllers\InsuranceController.php(40): view('insurance/costs', [...])
 6 SYSTEMPATH\CodeIgniter.php(934): App\Controllers\InsuranceController->costs('3', '3')
 7 SYSTEMPATH\CodeIgniter.php(499): CodeIgniter\CodeIgniter->runController(Object(App\Controllers\InsuranceController))
 8 SYSTEMPATH\CodeIgniter.php(368): CodeIgniter\CodeIgniter->handleRequest(null, Object(Config\Cache), false)
 9 FCPATH\index.php(67): CodeIgniter\CodeIgniter->run()
CRITICAL - 2023-05-26 11:22:52 --> Undefined variable $companies
in APPPATH\Views\insurance\costs.php on line 95.
 1 APPPATH\Views\insurance\costs.php(95): CodeIgniter\Debug\Exceptions->errorHandler(2, 'Undefined variable $companies', 'C:\\xampp\\htdocs\\miniproject\\app\\Views\\insurance\\costs.php', 95)
 2 SYSTEMPATH\View\View.php(213): include('C:\\xampp\\htdocs\\miniproject\\app\\Views\\insurance\\costs.php')
 3 SYSTEMPATH\View\View.php(216): CodeIgniter\View\View->CodeIgniter\View\{closure}()
 4 SYSTEMPATH\Common.php(1184): CodeIgniter\View\View->render('insurance/costs', [], true)
 5 APPPATH\Controllers\InsuranceController.php(40): view('insurance/costs', [...])
 6 SYSTEMPATH\CodeIgniter.php(934): App\Controllers\InsuranceController->costs('3', '3')
 7 SYSTEMPATH\CodeIgniter.php(499): CodeIgniter\CodeIgniter->runController(Object(App\Controllers\InsuranceController))
 8 SYSTEMPATH\CodeIgniter.php(368): CodeIgniter\CodeIgniter->handleRequest(null, Object(Config\Cache), false)
 9 FCPATH\index.php(67): CodeIgniter\CodeIgniter->run()
CRITICAL - 2023-05-26 11:22:52 --> Undefined variable $companies
in APPPATH\Views\insurance\costs.php on line 95.
 1 APPPATH\Views\insurance\costs.php(95): CodeIgniter\Debug\Exceptions->errorHandler(2, 'Undefined variable $companies', 'C:\\xampp\\htdocs\\miniproject\\app\\Views\\insurance\\costs.php', 95)
 2 SYSTEMPATH\View\View.php(213): include('C:\\xampp\\htdocs\\miniproject\\app\\Views\\insurance\\costs.php')
 3 SYSTEMPATH\View\View.php(216): CodeIgniter\View\View->CodeIgniter\View\{closure}()
 4 SYSTEMPATH\Common.php(1184): CodeIgniter\View\View->render('insurance/costs', [], true)
 5 APPPATH\Controllers\InsuranceController.php(40): view('insurance/costs', [...])
 6 SYSTEMPATH\CodeIgniter.php(934): App\Controllers\InsuranceController->costs('3', '3')
 7 SYSTEMPATH\CodeIgniter.php(499): CodeIgniter\CodeIgniter->runController(Object(App\Controllers\InsuranceController))
 8 SYSTEMPATH\CodeIgniter.php(368): CodeIgniter\CodeIgniter->handleRequest(null, Object(Config\Cache), false)
 9 FCPATH\index.php(67): CodeIgniter\CodeIgniter->run()
CRITICAL - 2023-05-26 11:23:53 --> Undefined variable $companies
in APPPATH\Views\insurance\costs.php on line 95.
 1 APPPATH\Views\insurance\costs.php(95): CodeIgniter\Debug\Exceptions->errorHandler(2, 'Undefined variable $companies', 'C:\\xampp\\htdocs\\miniproject\\app\\Views\\insurance\\costs.php', 95)
 2 SYSTEMPATH\View\View.php(213): include('C:\\xampp\\htdocs\\miniproject\\app\\Views\\insurance\\costs.php')
 3 SYSTEMPATH\View\View.php(216): CodeIgniter\View\View->CodeIgniter\View\{closure}()
 4 SYSTEMPATH\Common.php(1184): CodeIgniter\View\View->render('insurance/costs', [], true)
 5 APPPATH\Controllers\InsuranceController.php(40): view('insurance/costs', [...])
 6 SYSTEMPATH\CodeIgniter.php(934): App\Controllers\InsuranceController->costs('3', '3')
 7 SYSTEMPATH\CodeIgniter.php(499): CodeIgniter\CodeIgniter->runController(Object(App\Controllers\InsuranceController))
 8 SYSTEMPATH\CodeIgniter.php(368): CodeIgniter\CodeIgniter->handleRequest(null, Object(Config\Cache), false)
 9 FCPATH\index.php(67): CodeIgniter\CodeIgniter->run()
CRITICAL - 2023-05-26 11:24:18 --> Undefined variable $companies
in APPPATH\Views\insurance\costs.php on line 95.
 1 APPPATH\Views\insurance\costs.php(95): CodeIgniter\Debug\Exceptions->errorHandler(2, 'Undefined variable $companies', 'C:\\xampp\\htdocs\\miniproject\\app\\Views\\insurance\\costs.php', 95)
 2 SYSTEMPATH\View\View.php(213): include('C:\\xampp\\htdocs\\miniproject\\app\\Views\\insurance\\costs.php')
 3 SYSTEMPATH\View\View.php(216): CodeIgniter\View\View->CodeIgniter\View\{closure}()
 4 SYSTEMPATH\Common.php(1184): CodeIgniter\View\View->render('insurance/costs', [], true)
 5 APPPATH\Controllers\InsuranceController.php(40): view('insurance/costs', [...])
 6 SYSTEMPATH\CodeIgniter.php(934): App\Controllers\InsuranceController->costs('3', '3')
 7 SYSTEMPATH\CodeIgniter.php(499): CodeIgniter\CodeIgniter->runController(Object(App\Controllers\InsuranceController))
 8 SYSTEMPATH\CodeIgniter.php(368): CodeIgniter\CodeIgniter->handleRequest(null, Object(Config\Cache), false)
 9 FCPATH\index.php(67): CodeIgniter\CodeIgniter->run()
CRITICAL - 2023-05-26 11:24:52 --> Undefined array key "insurancename"
in APPPATH\Views\insurance\costs.php on line 95.
 1 APPPATH\Views\insurance\costs.php(95): CodeIgniter\Debug\Exceptions->errorHandler(2, 'Undefined array key "insurancename"', 'C:\\xampp\\htdocs\\miniproject\\app\\Views\\insurance\\costs.php', 95)
 2 SYSTEMPATH\View\View.php(213): include('C:\\xampp\\htdocs\\miniproject\\app\\Views\\insurance\\costs.php')
 3 SYSTEMPATH\View\View.php(216): CodeIgniter\View\View->CodeIgniter\View\{closure}()
 4 SYSTEMPATH\Common.php(1184): CodeIgniter\View\View->render('insurance/costs', [], true)
 5 APPPATH\Controllers\InsuranceController.php(40): view('insurance/costs', [...])
 6 SYSTEMPATH\CodeIgniter.php(934): App\Controllers\InsuranceController->costs('3', '3')
 7 SYSTEMPATH\CodeIgniter.php(499): CodeIgniter\CodeIgniter->runController(Object(App\Controllers\InsuranceController))
 8 SYSTEMPATH\CodeIgniter.php(368): CodeIgniter\CodeIgniter->handleRequest(null, Object(Config\Cache), false)
 9 FCPATH\index.php(67): CodeIgniter\CodeIgniter->run()
CRITICAL - 2023-05-26 11:24:53 --> Undefined array key "insurancename"
in APPPATH\Views\insurance\costs.php on line 95.
 1 APPPATH\Views\insurance\costs.php(95): CodeIgniter\Debug\Exceptions->errorHandler(2, 'Undefined array key "insurancename"', 'C:\\xampp\\htdocs\\miniproject\\app\\Views\\insurance\\costs.php', 95)
 2 SYSTEMPATH\View\View.php(213): include('C:\\xampp\\htdocs\\miniproject\\app\\Views\\insurance\\costs.php')
 3 SYSTEMPATH\View\View.php(216): CodeIgniter\View\View->CodeIgniter\View\{closure}()
 4 SYSTEMPATH\Common.php(1184): CodeIgniter\View\View->render('insurance/costs', [], true)
 5 APPPATH\Controllers\InsuranceController.php(40): view('insurance/costs', [...])
 6 SYSTEMPATH\CodeIgniter.php(934): App\Controllers\InsuranceController->costs('3', '3')
 7 SYSTEMPATH\CodeIgniter.php(499): CodeIgniter\CodeIgniter->runController(Object(App\Controllers\InsuranceController))
 8 SYSTEMPATH\CodeIgniter.php(368): CodeIgniter\CodeIgniter->handleRequest(null, Object(Config\Cache), false)
 9 FCPATH\index.php(67): CodeIgniter\CodeIgniter->run()
CRITICAL - 2023-05-26 11:24:59 --> Undefined variable $models
in APPPATH\Views\insurance\costs.php on line 95.
 1 APPPATH\Views\insurance\costs.php(95): CodeIgniter\Debug\Exceptions->errorHandler(2, 'Undefined variable $models', 'C:\\xampp\\htdocs\\miniproject\\app\\Views\\insurance\\costs.php', 95)
 2 SYSTEMPATH\View\View.php(213): include('C:\\xampp\\htdocs\\miniproject\\app\\Views\\insurance\\costs.php')
 3 SYSTEMPATH\View\View.php(216): CodeIgniter\View\View->CodeIgniter\View\{closure}()
 4 SYSTEMPATH\Common.php(1184): CodeIgniter\View\View->render('insurance/costs', [], true)
 5 APPPATH\Controllers\InsuranceController.php(40): view('insurance/costs', [...])
 6 SYSTEMPATH\CodeIgniter.php(934): App\Controllers\InsuranceController->costs('3', '3')
 7 SYSTEMPATH\CodeIgniter.php(499): CodeIgniter\CodeIgniter->runController(Object(App\Controllers\InsuranceController))
 8 SYSTEMPATH\CodeIgniter.php(368): CodeIgniter\CodeIgniter->handleRequest(null, Object(Config\Cache), false)
 9 FCPATH\index.php(67): CodeIgniter\CodeIgniter->run()
CRITICAL - 2023-05-26 11:25:06 --> Undefined variable $brands
in APPPATH\Views\insurance\costs.php on line 95.
 1 APPPATH\Views\insurance\costs.php(95): CodeIgniter\Debug\Exceptions->errorHandler(2, 'Undefined variable $brands', 'C:\\xampp\\htdocs\\miniproject\\app\\Views\\insurance\\costs.php', 95)
 2 SYSTEMPATH\View\View.php(213): include('C:\\xampp\\htdocs\\miniproject\\app\\Views\\insurance\\costs.php')
 3 SYSTEMPATH\View\View.php(216): CodeIgniter\View\View->CodeIgniter\View\{closure}()
 4 SYSTEMPATH\Common.php(1184): CodeIgniter\View\View->render('insurance/costs', [], true)
 5 APPPATH\Controllers\InsuranceController.php(40): view('insurance/costs', [...])
 6 SYSTEMPATH\CodeIgniter.php(934): App\Controllers\InsuranceController->costs('3', '3')
 7 SYSTEMPATH\CodeIgniter.php(499): CodeIgniter\CodeIgniter->runController(Object(App\Controllers\InsuranceController))
 8 SYSTEMPATH\CodeIgniter.php(368): CodeIgniter\CodeIgniter->handleRequest(null, Object(Config\Cache), false)
 9 FCPATH\index.php(67): CodeIgniter\CodeIgniter->run()
CRITICAL - 2023-05-26 11:25:09 --> Undefined variable $brands
in APPPATH\Views\insurance\costs.php on line 95.
 1 APPPATH\Views\insurance\costs.php(95): CodeIgniter\Debug\Exceptions->errorHandler(2, 'Undefined variable $brands', 'C:\\xampp\\htdocs\\miniproject\\app\\Views\\insurance\\costs.php', 95)
 2 SYSTEMPATH\View\View.php(213): include('C:\\xampp\\htdocs\\miniproject\\app\\Views\\insurance\\costs.php')
 3 SYSTEMPATH\View\View.php(216): CodeIgniter\View\View->CodeIgniter\View\{closure}()
 4 SYSTEMPATH\Common.php(1184): CodeIgniter\View\View->render('insurance/costs', [], true)
 5 APPPATH\Controllers\InsuranceController.php(40): view('insurance/costs', [...])
 6 SYSTEMPATH\CodeIgniter.php(934): App\Controllers\InsuranceController->costs('3', '3')
 7 SYSTEMPATH\CodeIgniter.php(499): CodeIgniter\CodeIgniter->runController(Object(App\Controllers\InsuranceController))
 8 SYSTEMPATH\CodeIgniter.php(368): CodeIgniter\CodeIgniter->handleRequest(null, Object(Config\Cache), false)
 9 FCPATH\index.php(67): CodeIgniter\CodeIgniter->run()
CRITICAL - 2023-05-26 11:25:09 --> Undefined variable $brands
in APPPATH\Views\insurance\costs.php on line 95.
 1 APPPATH\Views\insurance\costs.php(95): CodeIgniter\Debug\Exceptions->errorHandler(2, 'Undefined variable $brands', 'C:\\xampp\\htdocs\\miniproject\\app\\Views\\insurance\\costs.php', 95)
 2 SYSTEMPATH\View\View.php(213): include('C:\\xampp\\htdocs\\miniproject\\app\\Views\\insurance\\costs.php')
 3 SYSTEMPATH\View\View.php(216): CodeIgniter\View\View->CodeIgniter\View\{closure}()
 4 SYSTEMPATH\Common.php(1184): CodeIgniter\View\View->render('insurance/costs', [], true)
 5 APPPATH\Controllers\InsuranceController.php(40): view('insurance/costs', [...])
 6 SYSTEMPATH\CodeIgniter.php(934): App\Controllers\InsuranceController->costs('3', '3')
 7 SYSTEMPATH\CodeIgniter.php(499): CodeIgniter\CodeIgniter->runController(Object(App\Controllers\InsuranceController))
 8 SYSTEMPATH\CodeIgniter.php(368): CodeIgniter\CodeIgniter->handleRequest(null, Object(Config\Cache), false)
 9 FCPATH\index.php(67): CodeIgniter\CodeIgniter->run()
CRITICAL - 2023-05-26 11:26:52 --> Undefined array key "insurancename"
in APPPATH\Views\insurance\costs.php on line 95.
 1 APPPATH\Views\insurance\costs.php(95): CodeIgniter\Debug\Exceptions->errorHandler(2, 'Undefined array key "insurancename"', 'C:\\xampp\\htdocs\\miniproject\\app\\Views\\insurance\\costs.php', 95)
 2 SYSTEMPATH\View\View.php(213): include('C:\\xampp\\htdocs\\miniproject\\app\\Views\\insurance\\costs.php')
 3 SYSTEMPATH\View\View.php(216): CodeIgniter\View\View->CodeIgniter\View\{closure}()
 4 SYSTEMPATH\Common.php(1184): CodeIgniter\View\View->render('insurance/costs', [], true)
 5 APPPATH\Controllers\InsuranceController.php(40): view('insurance/costs', [...])
 6 SYSTEMPATH\CodeIgniter.php(934): App\Controllers\InsuranceController->costs('3', '3')
 7 SYSTEMPATH\CodeIgniter.php(499): CodeIgniter\CodeIgniter->runController(Object(App\Controllers\InsuranceController))
 8 SYSTEMPATH\CodeIgniter.php(368): CodeIgniter\CodeIgniter->handleRequest(null, Object(Config\Cache), false)
 9 FCPATH\index.php(67): CodeIgniter\CodeIgniter->run()
CRITICAL - 2023-05-26 11:26:53 --> Undefined array key "insurancename"
in APPPATH\Views\insurance\costs.php on line 95.
 1 APPPATH\Views\insurance\costs.php(95): CodeIgniter\Debug\Exceptions->errorHandler(2, 'Undefined array key "insurancename"', 'C:\\xampp\\htdocs\\miniproject\\app\\Views\\insurance\\costs.php', 95)
 2 SYSTEMPATH\View\View.php(213): include('C:\\xampp\\htdocs\\miniproject\\app\\Views\\insurance\\costs.php')
 3 SYSTEMPATH\View\View.php(216): CodeIgniter\View\View->CodeIgniter\View\{closure}()
 4 SYSTEMPATH\Common.php(1184): CodeIgniter\View\View->render('insurance/costs', [], true)
 5 APPPATH\Controllers\InsuranceController.php(40): view('insurance/costs', [...])
 6 SYSTEMPATH\CodeIgniter.php(934): App\Controllers\InsuranceController->costs('3', '3')
 7 SYSTEMPATH\CodeIgniter.php(499): CodeIgniter\CodeIgniter->runController(Object(App\Controllers\InsuranceController))
 8 SYSTEMPATH\CodeIgniter.php(368): CodeIgniter\CodeIgniter->handleRequest(null, Object(Config\Cache), false)
 9 FCPATH\index.php(67): CodeIgniter\CodeIgniter->run()
CRITICAL - 2023-05-26 11:26:53 --> Undefined array key "insurancename"
in APPPATH\Views\insurance\costs.php on line 95.
 1 APPPATH\Views\insurance\costs.php(95): CodeIgniter\Debug\Exceptions->errorHandler(2, 'Undefined array key "insurancename"', 'C:\\xampp\\htdocs\\miniproject\\app\\Views\\insurance\\costs.php', 95)
 2 SYSTEMPATH\View\View.php(213): include('C:\\xampp\\htdocs\\miniproject\\app\\Views\\insurance\\costs.php')
 3 SYSTEMPATH\View\View.php(216): CodeIgniter\View\View->CodeIgniter\View\{closure}()
 4 SYSTEMPATH\Common.php(1184): CodeIgniter\View\View->render('insurance/costs', [], true)
 5 APPPATH\Controllers\InsuranceController.php(40): view('insurance/costs', [...])
 6 SYSTEMPATH\CodeIgniter.php(934): App\Controllers\InsuranceController->costs('3', '3')
 7 SYSTEMPATH\CodeIgniter.php(499): CodeIgniter\CodeIgniter->runController(Object(App\Controllers\InsuranceController))
 8 SYSTEMPATH\CodeIgniter.php(368): CodeIgniter\CodeIgniter->handleRequest(null, Object(Config\Cache), false)
 9 FCPATH\index.php(67): CodeIgniter\CodeIgniter->run()
CRITICAL - 2023-05-26 11:28:28 --> Undefined variable $companies
in APPPATH\Views\insurance\costs.php on line 95.
 1 APPPATH\Views\insurance\costs.php(95): CodeIgniter\Debug\Exceptions->errorHandler(2, 'Undefined variable $companies', 'C:\\xampp\\htdocs\\miniproject\\app\\Views\\insurance\\costs.php', 95)
 2 SYSTEMPATH\View\View.php(213): include('C:\\xampp\\htdocs\\miniproject\\app\\Views\\insurance\\costs.php')
 3 SYSTEMPATH\View\View.php(216): CodeIgniter\View\View->CodeIgniter\View\{closure}()
 4 SYSTEMPATH\Common.php(1184): CodeIgniter\View\View->render('insurance/costs', [], true)
 5 APPPATH\Controllers\InsuranceController.php(40): view('insurance/costs', [...])
 6 SYSTEMPATH\CodeIgniter.php(934): App\Controllers\InsuranceController->costs('3', '3')
 7 SYSTEMPATH\CodeIgniter.php(499): CodeIgniter\CodeIgniter->runController(Object(App\Controllers\InsuranceController))
 8 SYSTEMPATH\CodeIgniter.php(368): CodeIgniter\CodeIgniter->handleRequest(null, Object(Config\Cache), false)
 9 FCPATH\index.php(67): CodeIgniter\CodeIgniter->run()
CRITICAL - 2023-05-26 11:28:33 --> Undefined variable $companies
in APPPATH\Views\insurance\costs.php on line 95.
 1 APPPATH\Views\insurance\costs.php(95): CodeIgniter\Debug\Exceptions->errorHandler(2, 'Undefined variable $companies', 'C:\\xampp\\htdocs\\miniproject\\app\\Views\\insurance\\costs.php', 95)
 2 SYSTEMPATH\View\View.php(213): include('C:\\xampp\\htdocs\\miniproject\\app\\Views\\insurance\\costs.php')
 3 SYSTEMPATH\View\View.php(216): CodeIgniter\View\View->CodeIgniter\View\{closure}()
 4 SYSTEMPATH\Common.php(1184): CodeIgniter\View\View->render('insurance/costs', [], true)
 5 APPPATH\Controllers\InsuranceController.php(40): view('insurance/costs', [...])
 6 SYSTEMPATH\CodeIgniter.php(934): App\Controllers\InsuranceController->costs('3', '3')
 7 SYSTEMPATH\CodeIgniter.php(499): CodeIgniter\CodeIgniter->runController(Object(App\Controllers\InsuranceController))
 8 SYSTEMPATH\CodeIgniter.php(368): CodeIgniter\CodeIgniter->handleRequest(null, Object(Config\Cache), false)
 9 FCPATH\index.php(67): CodeIgniter\CodeIgniter->run()
CRITICAL - 2023-05-26 11:34:19 --> Undefined variable $cost
in APPPATH\Views\insurance\costs.php on line 95.
 1 APPPATH\Views\insurance\costs.php(95): CodeIgniter\Debug\Exceptions->errorHandler(2, 'Undefined variable $cost', 'C:\\xampp\\htdocs\\miniproject\\app\\Views\\insurance\\costs.php', 95)
 2 SYSTEMPATH\View\View.php(213): include('C:\\xampp\\htdocs\\miniproject\\app\\Views\\insurance\\costs.php')
 3 SYSTEMPATH\View\View.php(216): CodeIgniter\View\View->CodeIgniter\View\{closure}()
 4 SYSTEMPATH\Common.php(1184): CodeIgniter\View\View->render('insurance/costs', [], true)
 5 APPPATH\Controllers\InsuranceController.php(40): view('insurance/costs', [...])
 6 SYSTEMPATH\CodeIgniter.php(934): App\Controllers\InsuranceController->costs('3', '3')
 7 SYSTEMPATH\CodeIgniter.php(499): CodeIgniter\CodeIgniter->runController(Object(App\Controllers\InsuranceController))
 8 SYSTEMPATH\CodeIgniter.php(368): CodeIgniter\CodeIgniter->handleRequest(null, Object(Config\Cache), false)
 9 FCPATH\index.php(67): CodeIgniter\CodeIgniter->run()
CRITICAL - 2023-05-26 11:40:08 --> Undefined variable $costs
in APPPATH\Views\insurance\brands.php on line 67.
 1 APPPATH\Views\insurance\brands.php(67): CodeIgniter\Debug\Exceptions->errorHandler(2, 'Undefined variable $costs', 'C:\\xampp\\htdocs\\miniproject\\app\\Views\\insurance\\brands.php', 67)
 2 SYSTEMPATH\View\View.php(213): include('C:\\xampp\\htdocs\\miniproject\\app\\Views\\insurance\\brands.php')
 3 SYSTEMPATH\View\View.php(216): CodeIgniter\View\View->CodeIgniter\View\{closure}()
 4 SYSTEMPATH\Common.php(1184): CodeIgniter\View\View->render('insurance/brands', [], true)
 5 APPPATH\Controllers\InsuranceController.php(24): view('insurance/brands', [...])
 6 SYSTEMPATH\CodeIgniter.php(934): App\Controllers\InsuranceController->brands('2', '2')
 7 SYSTEMPATH\CodeIgniter.php(499): CodeIgniter\CodeIgniter->runController(Object(App\Controllers\InsuranceController))
 8 SYSTEMPATH\CodeIgniter.php(368): CodeIgniter\CodeIgniter->handleRequest(null, Object(Config\Cache), false)
 9 FCPATH\index.php(67): CodeIgniter\CodeIgniter->run()
CRITICAL - 2023-05-26 11:40:12 --> Undefined variable $costs
in APPPATH\Views\insurance\brands.php on line 67.
 1 APPPATH\Views\insurance\brands.php(67): CodeIgniter\Debug\Exceptions->errorHandler(2, 'Undefined variable $costs', 'C:\\xampp\\htdocs\\miniproject\\app\\Views\\insurance\\brands.php', 67)
 2 SYSTEMPATH\View\View.php(213): include('C:\\xampp\\htdocs\\miniproject\\app\\Views\\insurance\\brands.php')
 3 SYSTEMPATH\View\View.php(216): CodeIgniter\View\View->CodeIgniter\View\{closure}()
 4 SYSTEMPATH\Common.php(1184): CodeIgniter\View\View->render('insurance/brands', [], true)
 5 APPPATH\Controllers\InsuranceController.php(24): view('insurance/brands', [...])
 6 SYSTEMPATH\CodeIgniter.php(934): App\Controllers\InsuranceController->brands('2', '2')
 7 SYSTEMPATH\CodeIgniter.php(499): CodeIgniter\CodeIgniter->runController(Object(App\Controllers\InsuranceController))
 8 SYSTEMPATH\CodeIgniter.php(368): CodeIgniter\CodeIgniter->handleRequest(null, Object(Config\Cache), false)
 9 FCPATH\index.php(67): CodeIgniter\CodeIgniter->run()
CRITICAL - 2023-05-26 11:41:01 --> Undefined array key "insurancename"
in APPPATH\Views\insurance\brands.php on line 67.
 1 APPPATH\Views\insurance\brands.php(67): CodeIgniter\Debug\Exceptions->errorHandler(2, 'Undefined array key "insurancename"', 'C:\\xampp\\htdocs\\miniproject\\app\\Views\\insurance\\brands.php', 67)
 2 SYSTEMPATH\View\View.php(213): include('C:\\xampp\\htdocs\\miniproject\\app\\Views\\insurance\\brands.php')
 3 SYSTEMPATH\View\View.php(216): CodeIgniter\View\View->CodeIgniter\View\{closure}()
 4 SYSTEMPATH\Common.php(1184): CodeIgniter\View\View->render('insurance/brands', [], true)
 5 APPPATH\Controllers\InsuranceController.php(24): view('insurance/brands', [...])
 6 SYSTEMPATH\CodeIgniter.php(934): App\Controllers\InsuranceController->brands('2', '2')
 7 SYSTEMPATH\CodeIgniter.php(499): CodeIgniter\CodeIgniter->runController(Object(App\Controllers\InsuranceController))
 8 SYSTEMPATH\CodeIgniter.php(368): CodeIgniter\CodeIgniter->handleRequest(null, Object(Config\Cache), false)
 9 FCPATH\index.php(67): CodeIgniter\CodeIgniter->run()
CRITICAL - 2023-05-26 11:41:02 --> Undefined array key "insurancename"
in APPPATH\Views\insurance\brands.php on line 67.
 1 APPPATH\Views\insurance\brands.php(67): CodeIgniter\Debug\Exceptions->errorHandler(2, 'Undefined array key "insurancename"', 'C:\\xampp\\htdocs\\miniproject\\app\\Views\\insurance\\brands.php', 67)
 2 SYSTEMPATH\View\View.php(213): include('C:\\xampp\\htdocs\\miniproject\\app\\Views\\insurance\\brands.php')
 3 SYSTEMPATH\View\View.php(216): CodeIgniter\View\View->CodeIgniter\View\{closure}()
 4 SYSTEMPATH\Common.php(1184): CodeIgniter\View\View->render('insurance/brands', [], true)
 5 APPPATH\Controllers\InsuranceController.php(24): view('insurance/brands', [...])
 6 SYSTEMPATH\CodeIgniter.php(934): App\Controllers\InsuranceController->brands('2', '2')
 7 SYSTEMPATH\CodeIgniter.php(499): CodeIgniter\CodeIgniter->runController(Object(App\Controllers\InsuranceController))
 8 SYSTEMPATH\CodeIgniter.php(368): CodeIgniter\CodeIgniter->handleRequest(null, Object(Config\Cache), false)
 9 FCPATH\index.php(67): CodeIgniter\CodeIgniter->run()
CRITICAL - 2023-05-26 11:41:02 --> Undefined array key "insurancename"
in APPPATH\Views\insurance\brands.php on line 67.
 1 APPPATH\Views\insurance\brands.php(67): CodeIgniter\Debug\Exceptions->errorHandler(2, 'Undefined array key "insurancename"', 'C:\\xampp\\htdocs\\miniproject\\app\\Views\\insurance\\brands.php', 67)
 2 SYSTEMPATH\View\View.php(213): include('C:\\xampp\\htdocs\\miniproject\\app\\Views\\insurance\\brands.php')
 3 SYSTEMPATH\View\View.php(216): CodeIgniter\View\View->CodeIgniter\View\{closure}()
 4 SYSTEMPATH\Common.php(1184): CodeIgniter\View\View->render('insurance/brands', [], true)
 5 APPPATH\Controllers\InsuranceController.php(24): view('insurance/brands', [...])
 6 SYSTEMPATH\CodeIgniter.php(934): App\Controllers\InsuranceController->brands('2', '2')
 7 SYSTEMPATH\CodeIgniter.php(499): CodeIgniter\CodeIgniter->runController(Object(App\Controllers\InsuranceController))
 8 SYSTEMPATH\CodeIgniter.php(368): CodeIgniter\CodeIgniter->handleRequest(null, Object(Config\Cache), false)
 9 FCPATH\index.php(67): CodeIgniter\CodeIgniter->run()
CRITICAL - 2023-05-26 11:41:02 --> Undefined array key "insurancename"
in APPPATH\Views\insurance\brands.php on line 67.
 1 APPPATH\Views\insurance\brands.php(67): CodeIgniter\Debug\Exceptions->errorHandler(2, 'Undefined array key "insurancename"', 'C:\\xampp\\htdocs\\miniproject\\app\\Views\\insurance\\brands.php', 67)
 2 SYSTEMPATH\View\View.php(213): include('C:\\xampp\\htdocs\\miniproject\\app\\Views\\insurance\\brands.php')
 3 SYSTEMPATH\View\View.php(216): CodeIgniter\View\View->CodeIgniter\View\{closure}()
 4 SYSTEMPATH\Common.php(1184): CodeIgniter\View\View->render('insurance/brands', [], true)
 5 APPPATH\Controllers\InsuranceController.php(24): view('insurance/brands', [...])
 6 SYSTEMPATH\CodeIgniter.php(934): App\Controllers\InsuranceController->brands('2', '2')
 7 SYSTEMPATH\CodeIgniter.php(499): CodeIgniter\CodeIgniter->runController(Object(App\Controllers\InsuranceController))
 8 SYSTEMPATH\CodeIgniter.php(368): CodeIgniter\CodeIgniter->handleRequest(null, Object(Config\Cache), false)
 9 FCPATH\index.php(67): CodeIgniter\CodeIgniter->run()
CRITICAL - 2023-05-26 11:41:31 --> Undefined variable $costs
in APPPATH\Views\insurance\brands.php on line 67.
 1 APPPATH\Views\insurance\brands.php(67): CodeIgniter\Debug\Exceptions->errorHandler(2, 'Undefined variable $costs', 'C:\\xampp\\htdocs\\miniproject\\app\\Views\\insurance\\brands.php', 67)
 2 SYSTEMPATH\View\View.php(213): include('C:\\xampp\\htdocs\\miniproject\\app\\Views\\insurance\\brands.php')
 3 SYSTEMPATH\View\View.php(216): CodeIgniter\View\View->CodeIgniter\View\{closure}()
 4 SYSTEMPATH\Common.php(1184): CodeIgniter\View\View->render('insurance/brands', [], true)
 5 APPPATH\Controllers\InsuranceController.php(24): view('insurance/brands', [...])
 6 SYSTEMPATH\CodeIgniter.php(934): App\Controllers\InsuranceController->brands('2', '2')
 7 SYSTEMPATH\CodeIgniter.php(499): CodeIgniter\CodeIgniter->runController(Object(App\Controllers\InsuranceController))
 8 SYSTEMPATH\CodeIgniter.php(368): CodeIgniter\CodeIgniter->handleRequest(null, Object(Config\Cache), false)
 9 FCPATH\index.php(67): CodeIgniter\CodeIgniter->run()
CRITICAL - 2023-05-26 11:49:24 --> Undefined array key "insurancename"
in APPPATH\Views\insurance\brands.php on line 67.
 1 APPPATH\Views\insurance\brands.php(67): CodeIgniter\Debug\Exceptions->errorHandler(2, 'Undefined array key "insurancename"', 'C:\\xampp\\htdocs\\miniproject\\app\\Views\\insurance\\brands.php', 67)
 2 SYSTEMPATH\View\View.php(213): include('C:\\xampp\\htdocs\\miniproject\\app\\Views\\insurance\\brands.php')
 3 SYSTEMPATH\View\View.php(216): CodeIgniter\View\View->CodeIgniter\View\{closure}()
 4 SYSTEMPATH\Common.php(1184): CodeIgniter\View\View->render('insurance/brands', [], true)
 5 APPPATH\Controllers\InsuranceController.php(26): view('insurance/brands', [...])
 6 SYSTEMPATH\CodeIgniter.php(934): App\Controllers\InsuranceController->brands('2', '2')
 7 SYSTEMPATH\CodeIgniter.php(499): CodeIgniter\CodeIgniter->runController(Object(App\Controllers\InsuranceController))
 8 SYSTEMPATH\CodeIgniter.php(368): CodeIgniter\CodeIgniter->handleRequest(null, Object(Config\Cache), false)
 9 FCPATH\index.php(67): CodeIgniter\CodeIgniter->run()
CRITICAL - 2023-05-26 12:13:56 --> Too few arguments to function App\Models\InsuranceModel::getCompanieName(), 0 passed in C:\xampp\htdocs\miniproject\app\Controllers\InsuranceController.php on line 26 and exactly 1 expected
in APPPATH\Models\InsuranceModel.php on line 23.
 1 APPPATH\Controllers\InsuranceController.php(26): App\Models\InsuranceModel->getCompanieName()
 2 SYSTEMPATH\CodeIgniter.php(934): App\Controllers\InsuranceController->brands('2', '2')
 3 SYSTEMPATH\CodeIgniter.php(499): CodeIgniter\CodeIgniter->runController(Object(App\Controllers\InsuranceController))
 4 SYSTEMPATH\CodeIgniter.php(368): CodeIgniter\CodeIgniter->handleRequest(null, Object(Config\Cache), false)
 5 FCPATH\index.php(67): CodeIgniter\CodeIgniter->run()
CRITICAL - 2023-05-26 12:14:40 --> Undefined array key 2
in APPPATH\Views\insurance\brands.php on line 67.
 1 APPPATH\Views\insurance\brands.php(67): CodeIgniter\Debug\Exceptions->errorHandler(2, 'Undefined array key 2', 'C:\\xampp\\htdocs\\miniproject\\app\\Views\\insurance\\brands.php', 67)
 2 SYSTEMPATH\View\View.php(213): include('C:\\xampp\\htdocs\\miniproject\\app\\Views\\insurance\\brands.php')
 3 SYSTEMPATH\View\View.php(216): CodeIgniter\View\View->CodeIgniter\View\{closure}()
 4 SYSTEMPATH\Common.php(1184): CodeIgniter\View\View->render('insurance/brands', [], true)
 5 APPPATH\Controllers\InsuranceController.php(28): view('insurance/brands', [...])
 6 SYSTEMPATH\CodeIgniter.php(934): App\Controllers\InsuranceController->brands('2', '2')
 7 SYSTEMPATH\CodeIgniter.php(499): CodeIgniter\CodeIgniter->runController(Object(App\Controllers\InsuranceController))
 8 SYSTEMPATH\CodeIgniter.php(368): CodeIgniter\CodeIgniter->handleRequest(null, Object(Config\Cache), false)
 9 FCPATH\index.php(67): CodeIgniter\CodeIgniter->run()
CRITICAL - 2023-05-26 12:15:26 --> Undefined array key "$company_id"
in APPPATH\Views\insurance\brands.php on line 67.
 1 APPPATH\Views\insurance\brands.php(67): CodeIgniter\Debug\Exceptions->errorHandler(2, 'Undefined array key "$company_id"', 'C:\\xampp\\htdocs\\miniproject\\app\\Views\\insurance\\brands.php', 67)
 2 SYSTEMPATH\View\View.php(213): include('C:\\xampp\\htdocs\\miniproject\\app\\Views\\insurance\\brands.php')
 3 SYSTEMPATH\View\View.php(216): CodeIgniter\View\View->CodeIgniter\View\{closure}()
 4 SYSTEMPATH\Common.php(1184): CodeIgniter\View\View->render('insurance/brands', [], true)
 5 APPPATH\Controllers\InsuranceController.php(28): view('insurance/brands', [...])
 6 SYSTEMPATH\CodeIgniter.php(934): App\Controllers\InsuranceController->brands('2', '2')
 7 SYSTEMPATH\CodeIgniter.php(499): CodeIgniter\CodeIgniter->runController(Object(App\Controllers\InsuranceController))
 8 SYSTEMPATH\CodeIgniter.php(368): CodeIgniter\CodeIgniter->handleRequest(null, Object(Config\Cache), false)
 9 FCPATH\index.php(67): CodeIgniter\CodeIgniter->run()
CRITICAL - 2023-05-26 12:15:26 --> Undefined array key "$company_id"
in APPPATH\Views\insurance\brands.php on line 67.
 1 APPPATH\Views\insurance\brands.php(67): CodeIgniter\Debug\Exceptions->errorHandler(2, 'Undefined array key "$company_id"', 'C:\\xampp\\htdocs\\miniproject\\app\\Views\\insurance\\brands.php', 67)
 2 SYSTEMPATH\View\View.php(213): include('C:\\xampp\\htdocs\\miniproject\\app\\Views\\insurance\\brands.php')
 3 SYSTEMPATH\View\View.php(216): CodeIgniter\View\View->CodeIgniter\View\{closure}()
 4 SYSTEMPATH\Common.php(1184): CodeIgniter\View\View->render('insurance/brands', [], true)
 5 APPPATH\Controllers\InsuranceController.php(28): view('insurance/brands', [...])
 6 SYSTEMPATH\CodeIgniter.php(934): App\Controllers\InsuranceController->brands('2', '2')
 7 SYSTEMPATH\CodeIgniter.php(499): CodeIgniter\CodeIgniter->runController(Object(App\Controllers\InsuranceController))
 8 SYSTEMPATH\CodeIgniter.php(368): CodeIgniter\CodeIgniter->handleRequest(null, Object(Config\Cache), false)
 9 FCPATH\index.php(67): CodeIgniter\CodeIgniter->run()
CRITICAL - 2023-05-26 12:16:35 --> Undefined array key 2
in APPPATH\Views\insurance\brands.php on line 67.
 1 APPPATH\Views\insurance\brands.php(67): CodeIgniter\Debug\Exceptions->errorHandler(2, 'Undefined array key 2', 'C:\\xampp\\htdocs\\miniproject\\app\\Views\\insurance\\brands.php', 67)
 2 SYSTEMPATH\View\View.php(213): include('C:\\xampp\\htdocs\\miniproject\\app\\Views\\insurance\\brands.php')
 3 SYSTEMPATH\View\View.php(216): CodeIgniter\View\View->CodeIgniter\View\{closure}()
 4 SYSTEMPATH\Common.php(1184): CodeIgniter\View\View->render('insurance/brands', [], true)
 5 APPPATH\Controllers\InsuranceController.php(28): view('insurance/brands', [...])
 6 SYSTEMPATH\CodeIgniter.php(934): App\Controllers\InsuranceController->brands('2', '2')
 7 SYSTEMPATH\CodeIgniter.php(499): CodeIgniter\CodeIgniter->runController(Object(App\Controllers\InsuranceController))
 8 SYSTEMPATH\CodeIgniter.php(368): CodeIgniter\CodeIgniter->handleRequest(null, Object(Config\Cache), false)
 9 FCPATH\index.php(67): CodeIgniter\CodeIgniter->run()
CRITICAL - 2023-05-26 12:16:35 --> Undefined array key 2
in APPPATH\Views\insurance\brands.php on line 67.
 1 APPPATH\Views\insurance\brands.php(67): CodeIgniter\Debug\Exceptions->errorHandler(2, 'Undefined array key 2', 'C:\\xampp\\htdocs\\miniproject\\app\\Views\\insurance\\brands.php', 67)
 2 SYSTEMPATH\View\View.php(213): include('C:\\xampp\\htdocs\\miniproject\\app\\Views\\insurance\\brands.php')
 3 SYSTEMPATH\View\View.php(216): CodeIgniter\View\View->CodeIgniter\View\{closure}()
 4 SYSTEMPATH\Common.php(1184): CodeIgniter\View\View->render('insurance/brands', [], true)
 5 APPPATH\Controllers\InsuranceController.php(28): view('insurance/brands', [...])
 6 SYSTEMPATH\CodeIgniter.php(934): App\Controllers\InsuranceController->brands('2', '2')
 7 SYSTEMPATH\CodeIgniter.php(499): CodeIgniter\CodeIgniter->runController(Object(App\Controllers\InsuranceController))
 8 SYSTEMPATH\CodeIgniter.php(368): CodeIgniter\CodeIgniter->handleRequest(null, Object(Config\Cache), false)
 9 FCPATH\index.php(67): CodeIgniter\CodeIgniter->run()
CRITICAL - 2023-05-26 12:16:36 --> Undefined array key 2
in APPPATH\Views\insurance\brands.php on line 67.
 1 APPPATH\Views\insurance\brands.php(67): CodeIgniter\Debug\Exceptions->errorHandler(2, 'Undefined array key 2', 'C:\\xampp\\htdocs\\miniproject\\app\\Views\\insurance\\brands.php', 67)
 2 SYSTEMPATH\View\View.php(213): include('C:\\xampp\\htdocs\\miniproject\\app\\Views\\insurance\\brands.php')
 3 SYSTEMPATH\View\View.php(216): CodeIgniter\View\View->CodeIgniter\View\{closure}()
 4 SYSTEMPATH\Common.php(1184): CodeIgniter\View\View->render('insurance/brands', [], true)
 5 APPPATH\Controllers\InsuranceController.php(28): view('insurance/brands', [...])
 6 SYSTEMPATH\CodeIgniter.php(934): App\Controllers\InsuranceController->brands('2', '2')
 7 SYSTEMPATH\CodeIgniter.php(499): CodeIgniter\CodeIgniter->runController(Object(App\Controllers\InsuranceController))
 8 SYSTEMPATH\CodeIgniter.php(368): CodeIgniter\CodeIgniter->handleRequest(null, Object(Config\Cache), false)
 9 FCPATH\index.php(67): CodeIgniter\CodeIgniter->run()
CRITICAL - 2023-05-26 12:17:50 --> Undefined array key 2
in APPPATH\Views\insurance\brands.php on line 67.
 1 APPPATH\Views\insurance\brands.php(67): CodeIgniter\Debug\Exceptions->errorHandler(2, 'Undefined array key 2', 'C:\\xampp\\htdocs\\miniproject\\app\\Views\\insurance\\brands.php', 67)
 2 SYSTEMPATH\View\View.php(213): include('C:\\xampp\\htdocs\\miniproject\\app\\Views\\insurance\\brands.php')
 3 SYSTEMPATH\View\View.php(216): CodeIgniter\View\View->CodeIgniter\View\{closure}()
 4 SYSTEMPATH\Common.php(1184): CodeIgniter\View\View->render('insurance/brands', [], true)
 5 APPPATH\Controllers\InsuranceController.php(28): view('insurance/brands', [...])
 6 SYSTEMPATH\CodeIgniter.php(934): App\Controllers\InsuranceController->brands('2', '2')
 7 SYSTEMPATH\CodeIgniter.php(499): CodeIgniter\CodeIgniter->runController(Object(App\Controllers\InsuranceController))
 8 SYSTEMPATH\CodeIgniter.php(368): CodeIgniter\CodeIgniter->handleRequest(null, Object(Config\Cache), false)
 9 FCPATH\index.php(67): CodeIgniter\CodeIgniter->run()
CRITICAL - 2023-05-26 12:18:00 --> Undefined array key 2
in APPPATH\Views\insurance\brands.php on line 67.
 1 APPPATH\Views\insurance\brands.php(67): CodeIgniter\Debug\Exceptions->errorHandler(2, 'Undefined array key 2', 'C:\\xampp\\htdocs\\miniproject\\app\\Views\\insurance\\brands.php', 67)
 2 SYSTEMPATH\View\View.php(213): include('C:\\xampp\\htdocs\\miniproject\\app\\Views\\insurance\\brands.php')
 3 SYSTEMPATH\View\View.php(216): CodeIgniter\View\View->CodeIgniter\View\{closure}()
 4 SYSTEMPATH\Common.php(1184): CodeIgniter\View\View->render('insurance/brands', [], true)
 5 APPPATH\Controllers\InsuranceController.php(28): view('insurance/brands', [...])
 6 SYSTEMPATH\CodeIgniter.php(934): App\Controllers\InsuranceController->brands('2', '2')
 7 SYSTEMPATH\CodeIgniter.php(499): CodeIgniter\CodeIgniter->runController(Object(App\Controllers\InsuranceController))
 8 SYSTEMPATH\CodeIgniter.php(368): CodeIgniter\CodeIgniter->handleRequest(null, Object(Config\Cache), false)
 9 FCPATH\index.php(67): CodeIgniter\CodeIgniter->run()
CRITICAL - 2023-05-26 12:18:03 --> Undefined array key 2
in APPPATH\Views\insurance\brands.php on line 67.
 1 APPPATH\Views\insurance\brands.php(67): CodeIgniter\Debug\Exceptions->errorHandler(2, 'Undefined array key 2', 'C:\\xampp\\htdocs\\miniproject\\app\\Views\\insurance\\brands.php', 67)
 2 SYSTEMPATH\View\View.php(213): include('C:\\xampp\\htdocs\\miniproject\\app\\Views\\insurance\\brands.php')
 3 SYSTEMPATH\View\View.php(216): CodeIgniter\View\View->CodeIgniter\View\{closure}()
 4 SYSTEMPATH\Common.php(1184): CodeIgniter\View\View->render('insurance/brands', [], true)
 5 APPPATH\Controllers\InsuranceController.php(28): view('insurance/brands', [...])
 6 SYSTEMPATH\CodeIgniter.php(934): App\Controllers\InsuranceController->brands('2', '2')
 7 SYSTEMPATH\CodeIgniter.php(499): CodeIgniter\CodeIgniter->runController(Object(App\Controllers\InsuranceController))
 8 SYSTEMPATH\CodeIgniter.php(368): CodeIgniter\CodeIgniter->handleRequest(null, Object(Config\Cache), false)
 9 FCPATH\index.php(67): CodeIgniter\CodeIgniter->run()
CRITICAL - 2023-05-26 12:25:02 --> Array to string conversion
in APPPATH\Views\insurance\brands.php on line 67.
 1 APPPATH\Views\insurance\brands.php(67): CodeIgniter\Debug\Exceptions->errorHandler(2, 'Array to string conversion', 'C:\\xampp\\htdocs\\miniproject\\app\\Views\\insurance\\brands.php', 67)
 2 SYSTEMPATH\View\View.php(213): include('C:\\xampp\\htdocs\\miniproject\\app\\Views\\insurance\\brands.php')
 3 SYSTEMPATH\View\View.php(216): CodeIgniter\View\View->CodeIgniter\View\{closure}()
 4 SYSTEMPATH\Common.php(1184): CodeIgniter\View\View->render('insurance/brands', [], true)
 5 APPPATH\Controllers\InsuranceController.php(28): view('insurance/brands', [...])
 6 SYSTEMPATH\CodeIgniter.php(934): App\Controllers\InsuranceController->brands('2', '2')
 7 SYSTEMPATH\CodeIgniter.php(499): CodeIgniter\CodeIgniter->runController(Object(App\Controllers\InsuranceController))
 8 SYSTEMPATH\CodeIgniter.php(368): CodeIgniter\CodeIgniter->handleRequest(null, Object(Config\Cache), false)
 9 FCPATH\index.php(67): CodeIgniter\CodeIgniter->run()
CRITICAL - 2023-05-26 12:25:15 --> Array to string conversion
in APPPATH\Views\insurance\brands.php on line 67.
 1 APPPATH\Views\insurance\brands.php(67): CodeIgniter\Debug\Exceptions->errorHandler(2, 'Array to string conversion', 'C:\\xampp\\htdocs\\miniproject\\app\\Views\\insurance\\brands.php', 67)
 2 SYSTEMPATH\View\View.php(213): include('C:\\xampp\\htdocs\\miniproject\\app\\Views\\insurance\\brands.php')
 3 SYSTEMPATH\View\View.php(216): CodeIgniter\View\View->CodeIgniter\View\{closure}()
 4 SYSTEMPATH\Common.php(1184): CodeIgniter\View\View->render('insurance/brands', [], true)
 5 APPPATH\Controllers\InsuranceController.php(28): view('insurance/brands', [...])
 6 SYSTEMPATH\CodeIgniter.php(934): App\Controllers\InsuranceController->brands('2', '2')
 7 SYSTEMPATH\CodeIgniter.php(499): CodeIgniter\CodeIgniter->runController(Object(App\Controllers\InsuranceController))
 8 SYSTEMPATH\CodeIgniter.php(368): CodeIgniter\CodeIgniter->handleRequest(null, Object(Config\Cache), false)
 9 FCPATH\index.php(67): CodeIgniter\CodeIgniter->run()
CRITICAL - 2023-05-26 12:25:53 --> Undefined array key 2
in APPPATH\Views\insurance\brands.php on line 67.
 1 APPPATH\Views\insurance\brands.php(67): CodeIgniter\Debug\Exceptions->errorHandler(2, 'Undefined array key 2', 'C:\\xampp\\htdocs\\miniproject\\app\\Views\\insurance\\brands.php', 67)
 2 SYSTEMPATH\View\View.php(213): include('C:\\xampp\\htdocs\\miniproject\\app\\Views\\insurance\\brands.php')
 3 SYSTEMPATH\View\View.php(216): CodeIgniter\View\View->CodeIgniter\View\{closure}()
 4 SYSTEMPATH\Common.php(1184): CodeIgniter\View\View->render('insurance/brands', [], true)
 5 APPPATH\Controllers\InsuranceController.php(28): view('insurance/brands', [...])
 6 SYSTEMPATH\CodeIgniter.php(934): App\Controllers\InsuranceController->brands('2', '2')
 7 SYSTEMPATH\CodeIgniter.php(499): CodeIgniter\CodeIgniter->runController(Object(App\Controllers\InsuranceController))
 8 SYSTEMPATH\CodeIgniter.php(368): CodeIgniter\CodeIgniter->handleRequest(null, Object(Config\Cache), false)
 9 FCPATH\index.php(67): CodeIgniter\CodeIgniter->run()
CRITICAL - 2023-05-26 12:25:54 --> Undefined array key 2
in APPPATH\Views\insurance\brands.php on line 67.
 1 APPPATH\Views\insurance\brands.php(67): CodeIgniter\Debug\Exceptions->errorHandler(2, 'Undefined array key 2', 'C:\\xampp\\htdocs\\miniproject\\app\\Views\\insurance\\brands.php', 67)
 2 SYSTEMPATH\View\View.php(213): include('C:\\xampp\\htdocs\\miniproject\\app\\Views\\insurance\\brands.php')
 3 SYSTEMPATH\View\View.php(216): CodeIgniter\View\View->CodeIgniter\View\{closure}()
 4 SYSTEMPATH\Common.php(1184): CodeIgniter\View\View->render('insurance/brands', [], true)
 5 APPPATH\Controllers\InsuranceController.php(28): view('insurance/brands', [...])
 6 SYSTEMPATH\CodeIgniter.php(934): App\Controllers\InsuranceController->brands('2', '2')
 7 SYSTEMPATH\CodeIgniter.php(499): CodeIgniter\CodeIgniter->runController(Object(App\Controllers\InsuranceController))
 8 SYSTEMPATH\CodeIgniter.php(368): CodeIgniter\CodeIgniter->handleRequest(null, Object(Config\Cache), false)
 9 FCPATH\index.php(67): CodeIgniter\CodeIgniter->run()
CRITICAL - 2023-05-26 12:26:03 --> Undefined array key 2
in APPPATH\Views\insurance\brands.php on line 67.
 1 APPPATH\Views\insurance\brands.php(67): CodeIgniter\Debug\Exceptions->errorHandler(2, 'Undefined array key 2', 'C:\\xampp\\htdocs\\miniproject\\app\\Views\\insurance\\brands.php', 67)
 2 SYSTEMPATH\View\View.php(213): include('C:\\xampp\\htdocs\\miniproject\\app\\Views\\insurance\\brands.php')
 3 SYSTEMPATH\View\View.php(216): CodeIgniter\View\View->CodeIgniter\View\{closure}()
 4 SYSTEMPATH\Common.php(1184): CodeIgniter\View\View->render('insurance/brands', [], true)
 5 APPPATH\Controllers\InsuranceController.php(28): view('insurance/brands', [...])
 6 SYSTEMPATH\CodeIgniter.php(934): App\Controllers\InsuranceController->brands('2', '2')
 7 SYSTEMPATH\CodeIgniter.php(499): CodeIgniter\CodeIgniter->runController(Object(App\Controllers\InsuranceController))
 8 SYSTEMPATH\CodeIgniter.php(368): CodeIgniter\CodeIgniter->handleRequest(null, Object(Config\Cache), false)
 9 FCPATH\index.php(67): CodeIgniter\CodeIgniter->run()
CRITICAL - 2023-05-26 12:26:51 --> Undefined array key 2
in APPPATH\Views\insurance\brands.php on line 67.
 1 APPPATH\Views\insurance\brands.php(67): CodeIgniter\Debug\Exceptions->errorHandler(2, 'Undefined array key 2', 'C:\\xampp\\htdocs\\miniproject\\app\\Views\\insurance\\brands.php', 67)
 2 SYSTEMPATH\View\View.php(213): include('C:\\xampp\\htdocs\\miniproject\\app\\Views\\insurance\\brands.php')
 3 SYSTEMPATH\View\View.php(216): CodeIgniter\View\View->CodeIgniter\View\{closure}()
 4 SYSTEMPATH\Common.php(1184): CodeIgniter\View\View->render('insurance/brands', [], true)
 5 APPPATH\Controllers\InsuranceController.php(28): view('insurance/brands', [...])
 6 SYSTEMPATH\CodeIgniter.php(934): App\Controllers\InsuranceController->brands('2', '2')
 7 SYSTEMPATH\CodeIgniter.php(499): CodeIgniter\CodeIgniter->runController(Object(App\Controllers\InsuranceController))
 8 SYSTEMPATH\CodeIgniter.php(368): CodeIgniter\CodeIgniter->handleRequest(null, Object(Config\Cache), false)
 9 FCPATH\index.php(67): CodeIgniter\CodeIgniter->run()
CRITICAL - 2023-05-26 12:26:52 --> Undefined array key 2
in APPPATH\Views\insurance\brands.php on line 67.
 1 APPPATH\Views\insurance\brands.php(67): CodeIgniter\Debug\Exceptions->errorHandler(2, 'Undefined array key 2', 'C:\\xampp\\htdocs\\miniproject\\app\\Views\\insurance\\brands.php', 67)
 2 SYSTEMPATH\View\View.php(213): include('C:\\xampp\\htdocs\\miniproject\\app\\Views\\insurance\\brands.php')
 3 SYSTEMPATH\View\View.php(216): CodeIgniter\View\View->CodeIgniter\View\{closure}()
 4 SYSTEMPATH\Common.php(1184): CodeIgniter\View\View->render('insurance/brands', [], true)
 5 APPPATH\Controllers\InsuranceController.php(28): view('insurance/brands', [...])
 6 SYSTEMPATH\CodeIgniter.php(934): App\Controllers\InsuranceController->brands('2', '2')
 7 SYSTEMPATH\CodeIgniter.php(499): CodeIgniter\CodeIgniter->runController(Object(App\Controllers\InsuranceController))
 8 SYSTEMPATH\CodeIgniter.php(368): CodeIgniter\CodeIgniter->handleRequest(null, Object(Config\Cache), false)
 9 FCPATH\index.php(67): CodeIgniter\CodeIgniter->run()
CRITICAL - 2023-05-26 12:26:52 --> Undefined array key 2
in APPPATH\Views\insurance\brands.php on line 67.
 1 APPPATH\Views\insurance\brands.php(67): CodeIgniter\Debug\Exceptions->errorHandler(2, 'Undefined array key 2', 'C:\\xampp\\htdocs\\miniproject\\app\\Views\\insurance\\brands.php', 67)
 2 SYSTEMPATH\View\View.php(213): include('C:\\xampp\\htdocs\\miniproject\\app\\Views\\insurance\\brands.php')
 3 SYSTEMPATH\View\View.php(216): CodeIgniter\View\View->CodeIgniter\View\{closure}()
 4 SYSTEMPATH\Common.php(1184): CodeIgniter\View\View->render('insurance/brands', [], true)
 5 APPPATH\Controllers\InsuranceController.php(28): view('insurance/brands', [...])
 6 SYSTEMPATH\CodeIgniter.php(934): App\Controllers\InsuranceController->brands('2', '2')
 7 SYSTEMPATH\CodeIgniter.php(499): CodeIgniter\CodeIgniter->runController(Object(App\Controllers\InsuranceController))
 8 SYSTEMPATH\CodeIgniter.php(368): CodeIgniter\CodeIgniter->handleRequest(null, Object(Config\Cache), false)
 9 FCPATH\index.php(67): CodeIgniter\CodeIgniter->run()
CRITICAL - 2023-05-26 12:26:53 --> Undefined array key 2
in APPPATH\Views\insurance\brands.php on line 67.
 1 APPPATH\Views\insurance\brands.php(67): CodeIgniter\Debug\Exceptions->errorHandler(2, 'Undefined array key 2', 'C:\\xampp\\htdocs\\miniproject\\app\\Views\\insurance\\brands.php', 67)
 2 SYSTEMPATH\View\View.php(213): include('C:\\xampp\\htdocs\\miniproject\\app\\Views\\insurance\\brands.php')
 3 SYSTEMPATH\View\View.php(216): CodeIgniter\View\View->CodeIgniter\View\{closure}()
 4 SYSTEMPATH\Common.php(1184): CodeIgniter\View\View->render('insurance/brands', [], true)
 5 APPPATH\Controllers\InsuranceController.php(28): view('insurance/brands', [...])
 6 SYSTEMPATH\CodeIgniter.php(934): App\Controllers\InsuranceController->brands('2', '2')
 7 SYSTEMPATH\CodeIgniter.php(499): CodeIgniter\CodeIgniter->runController(Object(App\Controllers\InsuranceController))
 8 SYSTEMPATH\CodeIgniter.php(368): CodeIgniter\CodeIgniter->handleRequest(null, Object(Config\Cache), false)
 9 FCPATH\index.php(67): CodeIgniter\CodeIgniter->run()
CRITICAL - 2023-05-26 12:28:20 --> Undefined array key 2
in APPPATH\Views\insurance\brands.php on line 67.
 1 APPPATH\Views\insurance\brands.php(67): CodeIgniter\Debug\Exceptions->errorHandler(2, 'Undefined array key 2', 'C:\\xampp\\htdocs\\miniproject\\app\\Views\\insurance\\brands.php', 67)
 2 SYSTEMPATH\View\View.php(213): include('C:\\xampp\\htdocs\\miniproject\\app\\Views\\insurance\\brands.php')
 3 SYSTEMPATH\View\View.php(216): CodeIgniter\View\View->CodeIgniter\View\{closure}()
 4 SYSTEMPATH\Common.php(1184): CodeIgniter\View\View->render('insurance/brands', [], true)
 5 APPPATH\Controllers\InsuranceController.php(28): view('insurance/brands', [...])
 6 SYSTEMPATH\CodeIgniter.php(934): App\Controllers\InsuranceController->brands('2', '2')
 7 SYSTEMPATH\CodeIgniter.php(499): CodeIgniter\CodeIgniter->runController(Object(App\Controllers\InsuranceController))
 8 SYSTEMPATH\CodeIgniter.php(368): CodeIgniter\CodeIgniter->handleRequest(null, Object(Config\Cache), false)
 9 FCPATH\index.php(67): CodeIgniter\CodeIgniter->run()
CRITICAL - 2023-05-26 12:28:45 --> Undefined array key "name"
in APPPATH\Views\insurance\brands.php on line 67.
 1 APPPATH\Views\insurance\brands.php(67): CodeIgniter\Debug\Exceptions->errorHandler(2, 'Undefined array key "name"', 'C:\\xampp\\htdocs\\miniproject\\app\\Views\\insurance\\brands.php', 67)
 2 SYSTEMPATH\View\View.php(213): include('C:\\xampp\\htdocs\\miniproject\\app\\Views\\insurance\\brands.php')
 3 SYSTEMPATH\View\View.php(216): CodeIgniter\View\View->CodeIgniter\View\{closure}()
 4 SYSTEMPATH\Common.php(1184): CodeIgniter\View\View->render('insurance/brands', [], true)
 5 APPPATH\Controllers\InsuranceController.php(28): view('insurance/brands', [...])
 6 SYSTEMPATH\CodeIgniter.php(934): App\Controllers\InsuranceController->brands('2', '2')
 7 SYSTEMPATH\CodeIgniter.php(499): CodeIgniter\CodeIgniter->runController(Object(App\Controllers\InsuranceController))
 8 SYSTEMPATH\CodeIgniter.php(368): CodeIgniter\CodeIgniter->handleRequest(null, Object(Config\Cache), false)
 9 FCPATH\index.php(67): CodeIgniter\CodeIgniter->run()
CRITICAL - 2023-05-26 12:29:03 --> Undefined array key "name"
in APPPATH\Views\insurance\brands.php on line 67.
 1 APPPATH\Views\insurance\brands.php(67): CodeIgniter\Debug\Exceptions->errorHandler(2, 'Undefined array key "name"', 'C:\\xampp\\htdocs\\miniproject\\app\\Views\\insurance\\brands.php', 67)
 2 SYSTEMPATH\View\View.php(213): include('C:\\xampp\\htdocs\\miniproject\\app\\Views\\insurance\\brands.php')
 3 SYSTEMPATH\View\View.php(216): CodeIgniter\View\View->CodeIgniter\View\{closure}()
 4 SYSTEMPATH\Common.php(1184): CodeIgniter\View\View->render('insurance/brands', [], true)
 5 APPPATH\Controllers\InsuranceController.php(28): view('insurance/brands', [...])
 6 SYSTEMPATH\CodeIgniter.php(934): App\Controllers\InsuranceController->brands('2', '2')
 7 SYSTEMPATH\CodeIgniter.php(499): CodeIgniter\CodeIgniter->runController(Object(App\Controllers\InsuranceController))
 8 SYSTEMPATH\CodeIgniter.php(368): CodeIgniter\CodeIgniter->handleRequest(null, Object(Config\Cache), false)
 9 FCPATH\index.php(67): CodeIgniter\CodeIgniter->run()
CRITICAL - 2023-05-26 12:29:41 --> Undefined array key "name"
in APPPATH\Views\insurance\brands.php on line 67.
 1 APPPATH\Views\insurance\brands.php(67): CodeIgniter\Debug\Exceptions->errorHandler(2, 'Undefined array key "name"', 'C:\\xampp\\htdocs\\miniproject\\app\\Views\\insurance\\brands.php', 67)
 2 SYSTEMPATH\View\View.php(213): include('C:\\xampp\\htdocs\\miniproject\\app\\Views\\insurance\\brands.php')
 3 SYSTEMPATH\View\View.php(216): CodeIgniter\View\View->CodeIgniter\View\{closure}()
 4 SYSTEMPATH\Common.php(1184): CodeIgniter\View\View->render('insurance/brands', [], true)
 5 APPPATH\Controllers\InsuranceController.php(28): view('insurance/brands', [...])
 6 SYSTEMPATH\CodeIgniter.php(934): App\Controllers\InsuranceController->brands('2', '2')
 7 SYSTEMPATH\CodeIgniter.php(499): CodeIgniter\CodeIgniter->runController(Object(App\Controllers\InsuranceController))
 8 SYSTEMPATH\CodeIgniter.php(368): CodeIgniter\CodeIgniter->handleRequest(null, Object(Config\Cache), false)
 9 FCPATH\index.php(67): CodeIgniter\CodeIgniter->run()
